# ******* step 0 *******

[junction_report]
id = j1
time = 1
queues = 

[junction_report]
id = j2
time = 1
queues = (r1,green,[])

[road_report]
id = r1
time = 1
vehicles = (v2,11)

[vehicle_report]
id = v1
time = 1
speed = 11
kilometrage = 11
faulty = 0
location = (r1,11)

[vehicle_report]
id = v2
time = 1
speed = 11
kilometrage = 11
faulty = 0
location = (r1,11)

# ******* step 1 *******

[junction_report]
id = j1
time = 2
queues = 

[junction_report]
id = j2
time = 2
queues = (r1,green,[])

[road_report]
id = r1
time = 2
vehicles = (v2,22)

[vehicle_report]
id = v1
time = 2
speed = 11
kilometrage = 22
faulty = 0
location = (r1,22)

[vehicle_report]
id = v2
time = 2
speed = 11
kilometrage = 22
faulty = 0
location = (r1,22)

# ******* step 2 *******

[junction_report]
id = j1
time = 3
queues = 

[junction_report]
id = j2
time = 3
queues = (r1,green,[])

[road_report]
id = r1
time = 3
vehicles = (v2,33)

[vehicle_report]
id = v1
time = 3
speed = 0
kilometrage = 22
faulty = 2
location = (r1,22)

[vehicle_report]
id = v2
time = 3
speed = 11
kilometrage = 33
faulty = 0
location = (r1,33)

# ******* step 3 *******

[junction_report]
id = j1
time = 4
queues = 

[junction_report]
id = j2
time = 4
queues = (r1,green,[])

[road_report]
id = r1
time = 4
vehicles = (v2,44)

[vehicle_report]
id = v1
time = 4
speed = 0
kilometrage = 22
faulty = 1
location = (r1,22)

[vehicle_report]
id = v2
time = 4
speed = 11
kilometrage = 44
faulty = 0
location = (r1,44)

# ******* step 4 *******

[junction_report]
id = j1
time = 5
queues = 

[junction_report]
id = j2
time = 5
queues = (r1,green,[])

[road_report]
id = r1
time = 5
vehicles = (v2,55)

[vehicle_report]
id = v1
time = 5
speed = 0
kilometrage = 22
faulty = 0
location = (r1,22)

[vehicle_report]
id = v2
time = 5
speed = 11
kilometrage = 55
faulty = 0
location = (r1,55)

# ******* step 5 *******

[junction_report]
id = j1
time = 6
queues = 

[junction_report]
id = j2
time = 6
queues = (r1,green,[])

[road_report]
id = r1
time = 6
vehicles = (v2,66)

[vehicle_report]
id = v1
time = 6
speed = 11
kilometrage = 33
faulty = 0
location = (r1,33)

[vehicle_report]
id = v2
time = 6
speed = 11
kilometrage = 66
faulty = 0
location = (r1,66)

# ******* step 6 *******

[junction_report]
id = j1
time = 7
queues = 

[junction_report]
id = j2
time = 7
queues = (r1,green,[])

[road_report]
id = r1
time = 7
vehicles = (v2,77)

[vehicle_report]
id = v1
time = 7
speed = 11
kilometrage = 44
faulty = 0
location = (r1,44)

[vehicle_report]
id = v2
time = 7
speed = 11
kilometrage = 77
faulty = 0
location = (r1,77)

# ******* step 7 *******

[junction_report]
id = j1
time = 8
queues = 

[junction_report]
id = j2
time = 8
queues = (r1,green,[])

[road_report]
id = r1
time = 8
vehicles = (v2,88)

[vehicle_report]
id = v1
time = 8
speed = 11
kilometrage = 55
faulty = 0
location = (r1,55)

[vehicle_report]
id = v2
time = 8
speed = 11
kilometrage = 88
faulty = 0
location = (r1,88)

# ******* step 8 *******

[junction_report]
id = j1
time = 9
queues = 

[junction_report]
id = j2
time = 9
queues = (r1,green,[])

[road_report]
id = r1
time = 9
vehicles = (v2,99)

[vehicle_report]
id = v1
time = 9
speed = 11
kilometrage = 66
faulty = 0
location = (r1,66)

[vehicle_report]
id = v2
time = 9
speed = 11
kilometrage = 99
faulty = 0
location = (r1,99)

# ******* step 9 *******

[junction_report]
id = j1
time = 10
queues = 

[junction_report]
id = j2
time = 10
queues = (r1,green,[])

[road_report]
id = r1
time = 10
vehicles = (v1,77)

[vehicle_report]
id = v1
time = 10
speed = 11
kilometrage = 77
faulty = 0
location = (r1,77)

[vehicle_report]
id = v2
time = 10
speed = 0
kilometrage = 100
faulty = 0
location = arrived

