# ******* step 0 *******

[junction_report]
id = j1
time = 1
queues = 

[junction_report]
id = j2
time = 1
queues = (r1,red,[])(r3,green,[])

[junction_report]
id = j3
time = 1
queues = (r2,green,[])

[junction_report]
id = j4
time = 1
queues = 

[junction_report]
id = j5
time = 1
queues = (r4,green,[])

[road_report]
id = r1
time = 1
vehicles = (v3,21)

[road_report]
id = r2
time = 1
vehicles = 

[road_report]
id = r3
time = 1
vehicles = (v4,21)

[road_report]
id = r4
time = 1
vehicles = 

[vehicle_report]
id = v1
time = 1
speed = 21
kilometrage = 21
faulty = 0
location = (r1,21)

[vehicle_report]
id = v2
time = 1
speed = 21
kilometrage = 21
faulty = 0
location = (r3,21)

[vehicle_report]
id = v3
time = 1
speed = 21
kilometrage = 21
faulty = 0
location = (r1,21)

[vehicle_report]
id = v4
time = 1
speed = 21
kilometrage = 21
faulty = 0
location = (r3,21)

# ******* step 1 *******

[junction_report]
id = j1
time = 2
queues = 

[junction_report]
id = j2
time = 2
queues = (r1,green,[])(r3,red,[])

[junction_report]
id = j3
time = 2
queues = (r2,green,[])

[junction_report]
id = j4
time = 2
queues = 

[junction_report]
id = j5
time = 2
queues = (r4,green,[])

[road_report]
id = r1
time = 2
vehicles = (v3,42)

[road_report]
id = r2
time = 2
vehicles = 

[road_report]
id = r3
time = 2
vehicles = (v4,42)

[road_report]
id = r4
time = 2
vehicles = 

[vehicle_report]
id = v1
time = 2
speed = 21
kilometrage = 42
faulty = 0
location = (r1,42)

[vehicle_report]
id = v2
time = 2
speed = 21
kilometrage = 42
faulty = 0
location = (r3,42)

[vehicle_report]
id = v3
time = 2
speed = 21
kilometrage = 42
faulty = 0
location = (r1,42)

[vehicle_report]
id = v4
time = 2
speed = 21
kilometrage = 42
faulty = 0
location = (r3,42)

# ******* step 2 *******

[junction_report]
id = j1
time = 3
queues = 

[junction_report]
id = j2
time = 3
queues = (r1,red,[v3,])(r3,green,[v2,v4,])

[junction_report]
id = j3
time = 3
queues = (r2,green,[])

[junction_report]
id = j4
time = 3
queues = 

[junction_report]
id = j5
time = 3
queues = (r4,green,[])

[road_report]
id = r1
time = 3
vehicles = (v3,50)

[road_report]
id = r2
time = 3
vehicles = (v1,0)

[road_report]
id = r3
time = 3
vehicles = (v4,50)

[road_report]
id = r4
time = 3
vehicles = 

[vehicle_report]
id = v1
time = 3
speed = 21
kilometrage = 50
faulty = 0
location = (r2,0)

[vehicle_report]
id = v2
time = 3
speed = 21
kilometrage = 50
faulty = 0
location = (r3,50)

[vehicle_report]
id = v3
time = 3
speed = 21
kilometrage = 50
faulty = 0
location = (r1,50)

[vehicle_report]
id = v4
time = 3
speed = 21
kilometrage = 50
faulty = 0
location = (r3,50)

# ******* step 3 *******

[junction_report]
id = j1
time = 4
queues = 

[junction_report]
id = j2
time = 4
queues = (r1,green,[v3,])(r3,red,[v4,])

[junction_report]
id = j3
time = 4
queues = (r2,green,[])

[junction_report]
id = j4
time = 4
queues = 

[junction_report]
id = j5
time = 4
queues = (r4,green,[])

[road_report]
id = r1
time = 4
vehicles = (v3,50)

[road_report]
id = r2
time = 4
vehicles = (v1,40)

[road_report]
id = r3
time = 4
vehicles = (v4,50)

[road_report]
id = r4
time = 4
vehicles = (v2,0)

[vehicle_report]
id = v1
time = 4
speed = 40
kilometrage = 90
faulty = 0
location = (r2,40)

[vehicle_report]
id = v2
time = 4
speed = 21
kilometrage = 50
faulty = 0
location = (r4,0)

[vehicle_report]
id = v3
time = 4
speed = 40
kilometrage = 50
faulty = 0
location = (r1,50)

[vehicle_report]
id = v4
time = 4
speed = 21
kilometrage = 50
faulty = 0
location = (r3,50)

# ******* step 4 *******

[junction_report]
id = j1
time = 5
queues = 

[junction_report]
id = j2
time = 5
queues = (r1,red,[])(r3,green,[v4,])

[junction_report]
id = j3
time = 5
queues = (r2,green,[])

[junction_report]
id = j4
time = 5
queues = 

[junction_report]
id = j5
time = 5
queues = (r4,green,[])

[road_report]
id = r1
time = 5
vehicles = 

[road_report]
id = r2
time = 5
vehicles = (v3,0)

[road_report]
id = r3
time = 5
vehicles = (v4,50)

[road_report]
id = r4
time = 5
vehicles = (v2,40)

[vehicle_report]
id = v1
time = 5
speed = 0
kilometrage = 100
faulty = 0
location = arrived

[vehicle_report]
id = v2
time = 5
speed = 40
kilometrage = 90
faulty = 0
location = (r4,40)

[vehicle_report]
id = v3
time = 5
speed = 40
kilometrage = 50
faulty = 0
location = (r2,0)

[vehicle_report]
id = v4
time = 5
speed = 40
kilometrage = 50
faulty = 0
location = (r3,50)

# ******* step 5 *******

[junction_report]
id = j1
time = 6
queues = 

[junction_report]
id = j2
time = 6
queues = (r1,green,[])(r3,red,[])

[junction_report]
id = j3
time = 6
queues = (r2,green,[])

[junction_report]
id = j4
time = 6
queues = 

[junction_report]
id = j5
time = 6
queues = (r4,green,[])

[road_report]
id = r1
time = 6
vehicles = 

[road_report]
id = r2
time = 6
vehicles = (v3,40)

[road_report]
id = r3
time = 6
vehicles = 

[road_report]
id = r4
time = 6
vehicles = (v4,0)

[vehicle_report]
id = v1
time = 6
speed = 0
kilometrage = 100
faulty = 0
location = arrived

[vehicle_report]
id = v2
time = 6
speed = 0
kilometrage = 100
faulty = 0
location = arrived

[vehicle_report]
id = v3
time = 6
speed = 40
kilometrage = 90
faulty = 0
location = (r2,40)

[vehicle_report]
id = v4
time = 6
speed = 40
kilometrage = 50
faulty = 0
location = (r4,0)

# ******* step 6 *******

[junction_report]
id = j1
time = 7
queues = 

[junction_report]
id = j2
time = 7
queues = (r1,red,[])(r3,green,[])

[junction_report]
id = j3
time = 7
queues = (r2,green,[])

[junction_report]
id = j4
time = 7
queues = 

[junction_report]
id = j5
time = 7
queues = (r4,green,[])

[road_report]
id = r1
time = 7
vehicles = 

[road_report]
id = r2
time = 7
vehicles = 

[road_report]
id = r3
time = 7
vehicles = 

[road_report]
id = r4
time = 7
vehicles = (v4,40)

[vehicle_report]
id = v1
time = 7
speed = 0
kilometrage = 100
faulty = 0
location = arrived

[vehicle_report]
id = v2
time = 7
speed = 0
kilometrage = 100
faulty = 0
location = arrived

[vehicle_report]
id = v3
time = 7
speed = 0
kilometrage = 100
faulty = 0
location = arrived

[vehicle_report]
id = v4
time = 7
speed = 40
kilometrage = 90
faulty = 0
location = (r4,40)

# ******* step 7 *******

[junction_report]
id = j1
time = 8
queues = 

[junction_report]
id = j2
time = 8
queues = (r1,green,[])(r3,red,[])

[junction_report]
id = j3
time = 8
queues = (r2,green,[])

[junction_report]
id = j4
time = 8
queues = 

[junction_report]
id = j5
time = 8
queues = (r4,green,[])

[road_report]
id = r1
time = 8
vehicles = 

[road_report]
id = r2
time = 8
vehicles = 

[road_report]
id = r3
time = 8
vehicles = 

[road_report]
id = r4
time = 8
vehicles = 

[vehicle_report]
id = v1
time = 8
speed = 0
kilometrage = 100
faulty = 0
location = arrived

[vehicle_report]
id = v2
time = 8
speed = 0
kilometrage = 100
faulty = 0
location = arrived

[vehicle_report]
id = v3
time = 8
speed = 0
kilometrage = 100
faulty = 0
location = arrived

[vehicle_report]
id = v4
time = 8
speed = 0
kilometrage = 100
faulty = 0
location = arrived

# ******* step 8 *******

[junction_report]
id = j1
time = 9
queues = 

[junction_report]
id = j2
time = 9
queues = (r1,red,[])(r3,green,[])

[junction_report]
id = j3
time = 9
queues = (r2,green,[])

[junction_report]
id = j4
time = 9
queues = 

[junction_report]
id = j5
time = 9
queues = (r4,green,[])

[road_report]
id = r1
time = 9
vehicles = 

[road_report]
id = r2
time = 9
vehicles = 

[road_report]
id = r3
time = 9
vehicles = 

[road_report]
id = r4
time = 9
vehicles = 

[vehicle_report]
id = v1
time = 9
speed = 0
kilometrage = 100
faulty = 0
location = arrived

[vehicle_report]
id = v2
time = 9
speed = 0
kilometrage = 100
faulty = 0
location = arrived

[vehicle_report]
id = v3
time = 9
speed = 0
kilometrage = 100
faulty = 0
location = arrived

[vehicle_report]
id = v4
time = 9
speed = 0
kilometrage = 100
faulty = 0
location = arrived

# ******* step 9 *******

[junction_report]
id = j1
time = 10
queues = 

[junction_report]
id = j2
time = 10
queues = (r1,green,[])(r3,red,[])

[junction_report]
id = j3
time = 10
queues = (r2,green,[])

[junction_report]
id = j4
time = 10
queues = 

[junction_report]
id = j5
time = 10
queues = (r4,green,[])

[road_report]
id = r1
time = 10
vehicles = 

[road_report]
id = r2
time = 10
vehicles = 

[road_report]
id = r3
time = 10
vehicles = 

[road_report]
id = r4
time = 10
vehicles = 

[vehicle_report]
id = v1
time = 10
speed = 0
kilometrage = 100
faulty = 0
location = arrived

[vehicle_report]
id = v2
time = 10
speed = 0
kilometrage = 100
faulty = 0
location = arrived

[vehicle_report]
id = v3
time = 10
speed = 0
kilometrage = 100
faulty = 0
location = arrived

[vehicle_report]
id = v4
time = 10
speed = 0
kilometrage = 100
faulty = 0
location = arrived

